0 info it worked if it ends with ok
1 verbose cli [ '/usr/local/bin/node', '/usr/local/bin/npm', 'run', 'tsc:w' ]
2 info using npm@3.10.10
3 info using node@v6.9.4
4 verbose run-script [ 'pretsc:w', 'tsc:w', 'posttsc:w' ]
5 info lifecycle angularappone@1.0.0~pretsc:w: angularappone@1.0.0
6 silly lifecycle angularappone@1.0.0~pretsc:w: no script for pretsc:w, continuing
7 info lifecycle angularappone@1.0.0~tsc:w: angularappone@1.0.0
8 verbose lifecycle angularappone@1.0.0~tsc:w: unsafe-perm in lifecycle true
9 verbose lifecycle angularappone@1.0.0~tsc:w: PATH: /usr/local/lib/node_modules/npm/bin/node-gyp-bin:/Users/sarathkumar/Desktop/CTS/angular2/angularapp1/node_modules/.bin:/usr/local/lib/node_modules/npm/bin/node-gyp-bin:/Users/sarathkumar/Desktop/CTS/angular2/angularapp1/node_modules/.bin:/usr/local/lib/dnx/runtimes/dnx-mono.1.0.0-rc1-update1/bin:/Users/sarathkumar/.dnx/bin:/Library/Frameworks/Python.framework/Versions/2.7/bin:/Library/Frameworks/Python.framework/Versions/3.4/bin:/usr/local/bin:/usr/local/bin:/usr/bin:/bin:/usr/sbin:/sbin:/opt/X11/bin
10 verbose lifecycle angularappone@1.0.0~tsc:w: CWD: /Users/sarathkumar/Desktop/CTS/angular2/angularapp1
11 silly lifecycle angularappone@1.0.0~tsc:w: Args: [ '-c', 'tsc -w' ]
12 silly lifecycle angularappone@1.0.0~tsc:w: Returned: code: 1  signal: null
13 info lifecycle angularappone@1.0.0~tsc:w: Failed to exec tsc:w script
14 verbose stack Error: angularappone@1.0.0 tsc:w: `tsc -w`
14 verbose stack Exit status 1
14 verbose stack     at EventEmitter.<anonymous> (/usr/local/lib/node_modules/npm/lib/utils/lifecycle.js:255:16)
14 verbose stack     at emitTwo (events.js:106:13)
14 verbose stack     at EventEmitter.emit (events.js:191:7)
14 verbose stack     at ChildProcess.<anonymous> (/usr/local/lib/node_modules/npm/lib/utils/spawn.js:40:14)
14 verbose stack     at emitTwo (events.js:106:13)
14 verbose stack     at ChildProcess.emit (events.js:191:7)
14 verbose stack     at maybeClose (internal/child_process.js:877:16)
14 verbose stack     at Process.ChildProcess._handle.onexit (internal/child_process.js:226:5)
15 verbose pkgid angularappone@1.0.0
16 verbose cwd /Users/sarathkumar/Desktop/CTS/angular2/angularapp1
17 error Darwin 16.0.0
18 error argv "/usr/local/bin/node" "/usr/local/bin/npm" "run" "tsc:w"
19 error node v6.9.4
20 error npm  v3.10.10
21 error code ELIFECYCLE
22 error angularappone@1.0.0 tsc:w: `tsc -w`
22 error Exit status 1
23 error Failed at the angularappone@1.0.0 tsc:w script 'tsc -w'.
23 error Make sure you have the latest version of node.js and npm installed.
23 error If you do, this is most likely a problem with the angularappone package,
23 error not with npm itself.
23 error Tell the author that this fails on your system:
23 error     tsc -w
23 error You can get information on how to open an issue for this project with:
23 error     npm bugs angularappone
23 error Or if that isn't available, you can get their info via:
23 error     npm owner ls angularappone
23 error There is likely additional logging output above.
24 verbose exit [ 1, true ]
